<?xml version="1.0" encoding="UTF-8"?>
<!-- Generated by org.testng.reporters.JUnitXMLReporter -->
<testsuite ignored="0" hostname="LAPTOP-IJ4HBQLG" failures="1" tests="3" name="Test" time="5.574" errors="0" timestamp="2023-07-02T16:49:02 IST">
  <testcase classname="Test_Classes.Post_TC1" name="extractor" time="0.512">
    <failure type="java.lang.IllegalStateException" message="Cannot get a STRING value from a NUMERIC cell">
      <![CDATA[java.lang.IllegalStateException: Cannot get a STRING value from a NUMERIC cell
at org.apache.poi.xssf.usermodel.XSSFCell.typeMismatch(XSSFCell.java:987)
at org.apache.poi.xssf.usermodel.XSSFCell.getRichStringCellValue(XSSFCell.java:336)
at org.apache.poi.xssf.usermodel.XSSFCell.getStringCellValue(XSSFCell.java:280)
at Common_API_Methods.Common_Utility_Methods.ReadDataExcel(Common_Utility_Methods.java:75)
at RequestRepository.Post_Req_Repository.Post_Req_TC1(Post_Req_Repository.java:21)
at Test_Classes.Post_TC1.extractor(Post_TC1.java:17)
at java.base/java.util.ArrayList.forEach(ArrayList.java:1511)
... Removed 27 stack frames]]>
    </failure>
  </testcase> <!-- extractor -->
  <testcase classname="Test_Classes.Put_TC1" name="extractor" time="3.118"/>
  <testcase classname="Test_Classes.Patch_TC1" name="extractor" time="1.84"/>
</testsuite> <!-- Test -->
